The system is: Windows - 10.0.19043 - AMD64
Compiling the C compiler identification source file "CMakeCCompilerId.c" succeeded.
Compiler: D:/Program Files (x86)/Microsoft Visual Studio/2019/Professional/VC/Tools/MSVC/14.29.30037/bin/Hostx64/x64/cl.exe 
Build flags: 
Id flags:  

The output was:
0
Microsoft (R) C/C++ Optimizing Compiler Version 19.29.30040 for x64
Copyright (C) Microsoft Corporation.  All rights reserved.

CMakeCCompilerId.c
Microsoft (R) Incremental Linker Version 14.29.30040.0
Copyright (C) Microsoft Corporation.  All rights reserved.

/out:CMakeCCompilerId.exe 
CMakeCCompilerId.obj 


Compilation of the C compiler identification source "CMakeCCompilerId.c" produced "CMakeCCompilerId.exe"

Compilation of the C compiler identification source "CMakeCCompilerId.c" produced "CMakeCCompilerId.obj"

The C compiler identification is MSVC, found in "D:/CLionProjects/BrowserProbe/cmake-build-debug-visual-studio-x64/CMakeFiles/3.20.2/CompilerIdC/CMakeCCompilerId.exe"

Compiling the CXX compiler identification source file "CMakeCXXCompilerId.cpp" succeeded.
Compiler: D:/Program Files (x86)/Microsoft Visual Studio/2019/Professional/VC/Tools/MSVC/14.29.30037/bin/Hostx64/x64/cl.exe 
Build flags: 
Id flags:  

The output was:
0
Microsoft (R) C/C++ Optimizing Compiler Version 19.29.30040 for x64
Copyright (C) Microsoft Corporation.  All rights reserved.

CMakeCXXCompilerId.cpp
Microsoft (R) Incremental Linker Version 14.29.30040.0
Copyright (C) Microsoft Corporation.  All rights reserved.

/out:CMakeCXXCompilerId.exe 
CMakeCXXCompilerId.obj 


Compilation of the CXX compiler identification source "CMakeCXXCompilerId.cpp" produced "CMakeCXXCompilerId.exe"

Compilation of the CXX compiler identification source "CMakeCXXCompilerId.cpp" produced "CMakeCXXCompilerId.obj"

The CXX compiler identification is MSVC, found in "D:/CLionProjects/BrowserProbe/cmake-build-debug-visual-studio-x64/CMakeFiles/3.20.2/CompilerIdCXX/CMakeCXXCompilerId.exe"

Detecting C compiler ABI info compiled with the following output:
Change Dir: D:/CLionProjects/BrowserProbe/cmake-build-debug-visual-studio-x64/CMakeFiles/CMakeTmp

Run Build Command(s):nmake -f Makefile /nologo cmTC_084ae\fast && 	"D:\Program Files (x86)\Microsoft Visual Studio\2019\Professional\VC\Tools\MSVC\14.29.30037\bin\HostX64\x64\nmake.exe"  -f CMakeFiles\cmTC_084ae.dir\build.make /nologo -L                  CMakeFiles\cmTC_084ae.dir\build
Building C object CMakeFiles/cmTC_084ae.dir/CMakeCCompilerABI.c.obj
	"D:\Program Files\JetBrains\CLion 2021.1.3\bin\cmake\win\bin\cmake.exe" -E cmake_cl_compile_depends --dep-file=CMakeFiles\cmTC_084ae.dir\CMakeCCompilerABI.c.obj.d --working-dir=D:\CLionProjects\BrowserProbe\cmake-build-debug-visual-studio-x64\CMakeFiles\CMakeTmp --filter-prefix="" -- "D:\Program Files (x86)\Microsoft Visual Studio\2019\Professional\VC\Tools\MSVC\14.29.30037\bin\Hostx64\x64\cl.exe" @C:\Users\Finger\AppData\Local\Temp\nm1F57.tmp
Linking C executable cmTC_084ae.exe
	"D:\Program Files\JetBrains\CLion 2021.1.3\bin\cmake\win\bin\cmake.exe" -E vs_link_exe --intdir=CMakeFiles\cmTC_084ae.dir --rc="D:\Windows Kits\10\bin\10.0.19041.0\x64\rc.exe" --mt="D:\Windows Kits\10\bin\10.0.19041.0\x64\mt.exe" --manifests -- "D:\Program Files (x86)\Microsoft Visual Studio\2019\Professional\VC\Tools\MSVC\14.29.30037\bin\Hostx64\x64\link.exe" /nologo @CMakeFiles\cmTC_084ae.dir\objects1.rsp @C:\Users\Finger\AppData\Local\Temp\nm2061.tmp



Detecting CXX compiler ABI info compiled with the following output:
Change Dir: D:/CLionProjects/BrowserProbe/cmake-build-debug-visual-studio-x64/CMakeFiles/CMakeTmp

Run Build Command(s):nmake -f Makefile /nologo cmTC_0e3b9\fast && 	"D:\Program Files (x86)\Microsoft Visual Studio\2019\Professional\VC\Tools\MSVC\14.29.30037\bin\HostX64\x64\nmake.exe"  -f CMakeFiles\cmTC_0e3b9.dir\build.make /nologo -L                  CMakeFiles\cmTC_0e3b9.dir\build
Building CXX object CMakeFiles/cmTC_0e3b9.dir/CMakeCXXCompilerABI.cpp.obj
	"D:\Program Files\JetBrains\CLion 2021.1.3\bin\cmake\win\bin\cmake.exe" -E cmake_cl_compile_depends --dep-file=CMakeFiles\cmTC_0e3b9.dir\CMakeCXXCompilerABI.cpp.obj.d --working-dir=D:\CLionProjects\BrowserProbe\cmake-build-debug-visual-studio-x64\CMakeFiles\CMakeTmp --filter-prefix="" -- "D:\Program Files (x86)\Microsoft Visual Studio\2019\Professional\VC\Tools\MSVC\14.29.30037\bin\Hostx64\x64\cl.exe" @C:\Users\Finger\AppData\Local\Temp\nm232F.tmp
Linking CXX executable cmTC_0e3b9.exe
	"D:\Program Files\JetBrains\CLion 2021.1.3\bin\cmake\win\bin\cmake.exe" -E vs_link_exe --intdir=CMakeFiles\cmTC_0e3b9.dir --rc="D:\Windows Kits\10\bin\10.0.19041.0\x64\rc.exe" --mt="D:\Windows Kits\10\bin\10.0.19041.0\x64\mt.exe" --manifests -- "D:\Program Files (x86)\Microsoft Visual Studio\2019\Professional\VC\Tools\MSVC\14.29.30037\bin\Hostx64\x64\link.exe" /nologo @CMakeFiles\cmTC_0e3b9.dir\objects1.rsp @C:\Users\Finger\AppData\Local\Temp\nm2459.tmp



